<?xml version="1.0" encoding="UTF-8"?>
<testng-results skipped="0" failed="0" total="1" passed="1">
  <reporter-output>
    <line>
      <![CDATA[text ABCDTEST present]]>
    </line>
    <line>
      <![CDATA[text ABCDTEST 123  present and is admin]]>
    </line>
  </reporter-output>
  <suite name="Surefire suite" duration-ms="25956" started-at="2018-04-04T12:32:02Z" finished-at="2018-04-04T12:32:28Z">
    <groups>
    </groups>
    <test name="Surefire test" duration-ms="25956" started-at="2018-04-04T12:32:02Z" finished-at="2018-04-04T12:32:28Z">
      <class name="scripts.LoginTest">
        <test-method status="PASS" signature="openApp()[pri:0, instance:scripts.LoginTest@3cbbc1e0]" name="openApp" is-config="true" duration-ms="7341" started-at="2018-04-04T18:02:03Z" finished-at="2018-04-04T18:02:10Z">
          <reporter-output>
          </reporter-output>
        </test-method> <!-- openApp -->
        <test-method status="PASS" signature="logging()[pri:0, instance:scripts.LoginTest@3cbbc1e0]" name="logging" duration-ms="11838" started-at="2018-04-04T18:02:10Z" finished-at="2018-04-04T18:02:22Z">
          <reporter-output>
            <line>
              <![CDATA[text ABCDTEST present]]>
            </line>
            <line>
              <![CDATA[text ABCDTEST 123  present and is admin]]>
            </line>
          </reporter-output>
        </test-method> <!-- logging -->
        <test-method status="PASS" signature="closeApp()[pri:0, instance:scripts.LoginTest@3cbbc1e0]" name="closeApp" is-config="true" duration-ms="6759" started-at="2018-04-04T18:02:22Z" finished-at="2018-04-04T18:02:28Z">
          <reporter-output>
          </reporter-output>
        </test-method> <!-- closeApp -->
      </class> <!-- scripts.LoginTest -->
    </test> <!-- Surefire test -->
  </suite> <!-- Surefire suite -->
</testng-results>
